e:\duilib\duilib-master\duilib\build\release\duilib.pch
e:\duilib\duilib-master\duilib\build\release\vc140.pdb
e:\duilib\duilib-master\duilib\build\release\stdafx.obj
e:\duilib\duilib-master\duilib\build\release\uibutton.obj
e:\duilib\duilib-master\duilib\build\release\uiactivex.obj
e:\duilib\duilib-master\duilib\build\release\uiverticallayout.obj
e:\duilib\duilib-master\duilib\build\release\uitilelayout.obj
e:\duilib\duilib-master\duilib\build\release\uitablayout.obj
e:\duilib\duilib-master\duilib\build\release\uihorizontallayout.obj
e:\duilib\duilib-master\duilib\build\release\uichildlayout.obj
e:\duilib\duilib-master\duilib\build\release\uirender.obj
e:\duilib\duilib-master\duilib\build\release\uimarkup.obj
e:\duilib\duilib-master\duilib\build\release\uimanager.obj
e:\duilib\duilib-master\duilib\build\release\uidlgbuilder.obj
e:\duilib\duilib-master\duilib\build\release\uicontrol.obj
e:\duilib\duilib-master\duilib\build\release\uicontainer.obj
e:\duilib\duilib-master\duilib\build\release\uibase.obj
e:\duilib\duilib-master\duilib\build\release\wndshadow.obj
e:\duilib\duilib-master\duilib\build\release\utils.obj
e:\duilib\duilib-master\duilib\build\release\uidelegate.obj
e:\duilib\duilib-master\duilib\build\release\winimplbase.obj
e:\duilib\duilib-master\duilib\build\release\uilib.obj
e:\duilib\duilib-master\duilib\build\release\uitreeview.obj
e:\duilib\duilib-master\duilib\build\release\uiwebbrowser.obj
e:\duilib\duilib-master\duilib\build\release\uitext.obj
e:\duilib\duilib-master\duilib\build\release\uislider.obj
e:\duilib\duilib-master\duilib\build\release\uiscrollbar.obj
e:\duilib\duilib-master\duilib\build\release\uirichedit.obj
e:\duilib\duilib-master\duilib\build\release\uiprogress.obj
e:\duilib\duilib-master\duilib\build\release\uioption.obj
e:\duilib\duilib-master\duilib\build\release\uilist.obj
e:\duilib\duilib-master\duilib\build\release\uilabel.obj
e:\duilib\duilib-master\duilib\build\release\uigifanim.obj
e:\duilib\duilib-master\duilib\build\release\uiedit.obj
e:\duilib\duilib-master\duilib\build\release\uidatetime.obj
e:\duilib\duilib-master\duilib\build\release\uicombo.obj
e:\duilib\duilib-master\duilib\build\release\uicheckbox.obj
e:\duilib\duilib-master\duilib\build\release\stb_image.obj
e:\duilib\duilib-master\duilib\build\release\xunzip.obj
e:\0000\duilib\build\release\duilib.pch
e:\0000\duilib\build\release\vc140.pdb
e:\0000\duilib\build\release\stdafx.obj
e:\0000\duilib\build\release\uibutton.obj
e:\0000\duilib\build\release\uiactivex.obj
e:\0000\duilib\build\release\uiverticallayout.obj
e:\0000\duilib\build\release\uitilelayout.obj
e:\0000\duilib\build\release\uitablayout.obj
e:\0000\duilib\build\release\uihorizontallayout.obj
e:\0000\duilib\build\release\uichildlayout.obj
e:\0000\duilib\build\release\uirender.obj
e:\0000\duilib\build\release\uimarkup.obj
e:\0000\duilib\build\release\uimanager.obj
e:\0000\duilib\build\release\uidlgbuilder.obj
e:\0000\duilib\build\release\uicontrol.obj
e:\0000\duilib\build\release\uicontainer.obj
e:\0000\duilib\build\release\uibase.obj
e:\0000\duilib\build\release\wndshadow.obj
e:\0000\duilib\build\release\utils.obj
e:\0000\duilib\build\release\uidelegate.obj
e:\0000\duilib\build\release\winimplbase.obj
e:\0000\duilib\build\release\uilib.obj
e:\0000\duilib\build\release\uitreeview.obj
e:\0000\duilib\build\release\uiwebbrowser.obj
e:\0000\duilib\build\release\uitext.obj
e:\0000\duilib\build\release\uislider.obj
e:\0000\duilib\build\release\uiscrollbar.obj
e:\0000\duilib\build\release\uirichedit.obj
e:\0000\duilib\build\release\uiprogress.obj
e:\0000\duilib\build\release\uioption.obj
e:\0000\duilib\build\release\uilist.obj
e:\0000\duilib\build\release\uilabel.obj
e:\0000\duilib\build\release\uigifanim.obj
e:\0000\duilib\build\release\uiedit.obj
e:\0000\duilib\build\release\uidatetime.obj
e:\0000\duilib\build\release\uicombo.obj
e:\0000\duilib\build\release\uicheckbox.obj
e:\0000\duilib\build\release\stb_image.obj
e:\0000\duilib\build\release\xunzip.obj
e:\duilib\duilib-master\lib\duilib.lib
e:\duilib\duilib-master\lib\duilib.exp
e:\0000\lib\duilib.lib
e:\0000\lib\duilib.exp
e:\0000\libs\duilib.lib
e:\0000\libs\duilib.exp
e:\duilib\duilib-master\bin\duilib.dll
e:\duilib\duilib-master\duilib\build\release\duilib.pdb
e:\0000\dll\duilib.dll
e:\0000\duilib\build\release\duilib.pdb
e:\duilib\duilib\build\release\stb_image.obj
e:\duilib\duilib\build\release\stdafx.obj
e:\duilib\duilib\build\release\uiactivex.obj
e:\duilib\duilib\build\release\uibase.obj
e:\duilib\duilib\build\release\uibutton.obj
e:\duilib\duilib\build\release\uicheckbox.obj
e:\duilib\duilib\build\release\uichildlayout.obj
e:\duilib\duilib\build\release\uicombo.obj
e:\duilib\duilib\build\release\uicontainer.obj
e:\duilib\duilib\build\release\uicontrol.obj
e:\duilib\duilib\build\release\uidatetime.obj
e:\duilib\duilib\build\release\uidelegate.obj
e:\duilib\duilib\build\release\uidlgbuilder.obj
e:\duilib\duilib\build\release\uiedit.obj
e:\duilib\duilib\build\release\uigifanim.obj
e:\duilib\duilib\build\release\uihorizontallayout.obj
e:\duilib\duilib\build\release\uilabel.obj
e:\duilib\duilib\build\release\uilib.obj
e:\duilib\duilib\build\release\uilist.obj
e:\duilib\duilib\build\release\uimanager.obj
e:\duilib\duilib\build\release\uimarkup.obj
e:\duilib\duilib\build\release\uioption.obj
e:\duilib\duilib\build\release\uiprogress.obj
e:\duilib\duilib\build\release\uirender.obj
e:\duilib\duilib\build\release\uirichedit.obj
e:\duilib\duilib\build\release\uiscrollbar.obj
e:\duilib\duilib\build\release\uislider.obj
e:\duilib\duilib\build\release\uitablayout.obj
e:\duilib\duilib\build\release\uitext.obj
e:\duilib\duilib\build\release\uitilelayout.obj
e:\duilib\duilib\build\release\uitreeview.obj
e:\duilib\duilib\build\release\uiverticallayout.obj
e:\duilib\duilib\build\release\uiwebbrowser.obj
e:\duilib\duilib\build\release\utils.obj
e:\duilib\duilib\build\release\winimplbase.obj
e:\duilib\duilib\build\release\wndshadow.obj
e:\duilib\duilib\build\release\xunzip.obj
e:\duilib\duilib\build\release\duilib.pch
e:\duilib\duilib\build\release\duilib.pdb
e:\duilib\duilib\build\release\duilib_static.pdb
e:\duilib\duilib\build\release\vc140.pdb
e:\duilib\duilib\build\release\duilib.tlog\cl.command.1.tlog
e:\duilib\duilib\build\release\duilib.tlog\cl.read.1.tlog
e:\duilib\duilib\build\release\duilib.tlog\cl.write.1.tlog
e:\duilib\duilib\build\release\duilib.tlog\duilib.write.1u.tlog
e:\duilib\duilib\build\release\duilib.tlog\link.command.1.tlog
e:\duilib\duilib\build\release\duilib.tlog\link.read.1.tlog
e:\duilib\duilib\build\release\duilib.tlog\link.write.1.tlog
