C:\Program Files (x86)\MSBuild\Microsoft.Cpp\v4.0\V140\Microsoft.CppBuild.targets(392,5): warning MSB8028: The intermediate directory (.\Build\Release\) contains files shared from another project (DuiLib.vcxproj).  This can lead to incorrect clean and rebuild behavior.
  StdAfx.cpp
e:\0000\duilib\Core/UIManager.h(45): warning C4091: “typedef ”: 没有声明变量时忽略“DuiLib::EVENTTYPE_UI”的左侧
  UIlib.cpp
  WinImplBase.cpp
  UIDelegate.cpp
  Utils.cpp
  UIBase.cpp
  UIContainer.cpp
  UIControl.cpp
Core\UIControl.cpp(832): warning C4302: “类型转换”: 从“LPSTR”到“WORD”截断
  UIDlgBuilder.cpp
  UIManager.cpp
Core\UIManager.cpp(1045): warning C4838: 从“DWORD”转换到“LONG”需要收缩转换
  UIMarkup.cpp
  UIRender.cpp
Core\UIRender.cpp(1188): warning C4838: 从“int”转换到“COLOR16”需要收缩转换
  UIChildLayout.cpp
  UIHorizontalLayout.cpp
Layout\UIHorizontalLayout.cpp(313): warning C4302: “类型转换”: 从“LPSTR”到“WORD”截断
  UITabLayout.cpp
  UITileLayout.cpp
  UIVerticalLayout.cpp
Layout\UIVerticalLayout.cpp(306): warning C4302: “类型转换”: 从“LPSTR”到“WORD”截断
  UIActiveX.cpp
  UIButton.cpp
Control\UIButton.cpp(127): warning C4302: “类型转换”: 从“LPSTR”到“WORD”截断
  UICheckBox.cpp
  UICombo.cpp
  正在生成代码...
  正在编译...
  UIDateTime.cpp
Control\UIDateTime.cpp(297): warning C4302: “类型转换”: 从“LPSTR”到“WORD”截断
  UIEdit.cpp
Control\UIEdit.cpp(288): warning C4302: “类型转换”: 从“LPSTR”到“WORD”截断
  UIGifAnim.cpp
  UILabel.cpp
  UIList.cpp
Control\UIList.cpp(1780): warning C4302: “类型转换”: 从“LPSTR”到“WORD”截断
Control\UIList.cpp(2416): warning C4302: “类型转换”: 从“LPSTR”到“WORD”截断
  UIOption.cpp
  UIProgress.cpp
  UIRichEdit.cpp
  UIScrollBar.cpp
  UISlider.cpp
Control\UISlider.cpp(212): warning C4302: “类型转换”: 从“LPSTR”到“WORD”截断
  UIText.cpp
Control\UIText.cpp(52): warning C4302: “类型转换”: 从“LPSTR”到“WORD”截断
  UITreeView.cpp
  UIWebBrowser.cpp
  正在生成代码...
  stb_image.c
  XUnzip.cpp
  DuiLib_Static.vcxproj -> E:\0000\DuiLib\.\Build\Release\DuiLib_Static.lib
