cl : 命令行 warning D9035: “Gm”选项已否决，并将在将来的版本中移除
  StdAfx.cpp
E:\duilib\DuiLib\Core\UIManager.h(45,2): warning C4091: “typedef ”: 没有声明变量时忽略“DuiLib::EVENTTYPE_UI”的左侧
cl : 命令行 warning D9035: “Gm”选项已否决，并将在将来的版本中移除
  main.cpp
E:\duilib\DuiLib\Core\UIManager.h(45,2): warning C4091: “typedef ”: 没有声明变量时忽略“DuiLib::EVENTTYPE_UI”的左侧
  UIMenu.cpp
E:\duilib\DuiLib\Core\UIManager.h(45,2): warning C4091: “typedef ”: 没有声明变量时忽略“DuiLib::EVENTTYPE_UI”的左侧
  UICrack.cpp
E:\duilib\DuiLib\Core\UIManager.h(45,2): warning C4091: “typedef ”: 没有声明变量时忽略“DuiLib::EVENTTYPE_UI”的左侧
  SkinSetting.cpp
E:\duilib\DuiLib\Core\UIManager.h(45,2): warning C4091: “typedef ”: 没有声明变量时忽略“DuiLib::EVENTTYPE_UI”的左侧
  main_frame.cpp
E:\duilib\DuiLib\Core\UIManager.h(45,2): warning C4091: “typedef ”: 没有声明变量时忽略“DuiLib::EVENTTYPE_UI”的左侧
  debug.cpp
E:\duilib\DuiLib\Core\UIManager.h(45,2): warning C4091: “typedef ”: 没有声明变量时忽略“DuiLib::EVENTTYPE_UI”的左侧
E:\duilib\MenuDemo\debug.cpp(115,2): warning C4996: 'GetVersionExA': 被声明为已否决
  正在生成代码...
C:\Program Files (x86)\Microsoft Visual Studio\2019\Enterprise\MSBuild\Microsoft\VC\v160\Microsoft.CppBuild.targets(1288,5): warning MSB8012: TargetPath(E:\duilib\MenuDemo\.\Debug\MenuDemo.exe) 与 Linker 的 OutputFile 属性值(E:\duilib\bin\MenuDemo_d.exe)不匹配。这可能导致项目生成不正确。若要更正此问题，请确保 $(OutDir)、$(TargetName) 和 $(TargetExt) 属性值与 %(Link.OutputFile) 中指定的值匹配。
C:\Program Files (x86)\Microsoft Visual Studio\2019\Enterprise\MSBuild\Microsoft\VC\v160\Microsoft.CppBuild.targets(1290,5): warning MSB8012: TargetName(MenuDemo) 与 Linker 的 OutputFile 属性值(MenuDemo_d)不匹配。这可能导致项目生成不正确。若要更正此问题，请确保 $(OutDir)、$(TargetName) 和 $(TargetExt) 属性值与 %(Link.OutputFile) 中指定的值匹配。
  MenuDemo.vcxproj -> E:\duilib\MenuDemo\.\Debug\MenuDemo.exe
