cl : 命令行 warning D9035: “Gm”选项已否决，并将在将来的版本中移除
  UIMicroBlog.cpp
E:\duilib\DuiLib\Core\UIManager.h(45,2): warning C4091: “typedef ”: 没有声明变量时忽略“DuiLib::EVENTTYPE_UI”的左侧
  UIListCommonDefine.cpp
E:\duilib\DuiLib\Core\UIManager.h(45,2): warning C4091: “typedef ”: 没有声明变量时忽略“DuiLib::EVENTTYPE_UI”的左侧
  UIGroups.cpp
E:\duilib\DuiLib\Core\UIManager.h(45,2): warning C4091: “typedef ”: 没有声明变量时忽略“DuiLib::EVENTTYPE_UI”的左侧
E:\duilib\QQDemo\UIGroups.cpp(246,37): warning C4477: “sprintf_s”: 格式字符串“%s”需要类型“char *”的参数，但可变参数 1 拥有了类型“const DuiLib::CDuiString”
E:\duilib\QQDemo\UIGroups.cpp(285,36): warning C4477: “sprintf_s”: 格式字符串“%s”需要类型“char *”的参数，但可变参数 1 拥有了类型“const DuiLib::CDuiString”
E:\duilib\QQDemo\UIGroups.cpp(308,37): warning C4477: “sprintf_s”: 格式字符串“%s”需要类型“char *”的参数，但可变参数 1 拥有了类型“const DuiLib::CDuiString”
  UIFriends.cpp
E:\duilib\DuiLib\Core\UIManager.h(45,2): warning C4091: “typedef ”: 没有声明变量时忽略“DuiLib::EVENTTYPE_UI”的左侧
E:\duilib\QQDemo\UIFriends.cpp(249,37): warning C4477: “sprintf_s”: 格式字符串“%s”需要类型“char *”的参数，但可变参数 1 拥有了类型“const DuiLib::CDuiString”
E:\duilib\QQDemo\UIFriends.cpp(288,36): warning C4477: “sprintf_s”: 格式字符串“%s”需要类型“char *”的参数，但可变参数 1 拥有了类型“const DuiLib::CDuiString”
E:\duilib\QQDemo\UIFriends.cpp(311,37): warning C4477: “sprintf_s”: 格式字符串“%s”需要类型“char *”的参数，但可变参数 1 拥有了类型“const DuiLib::CDuiString”
  StdAfx.cpp
E:\duilib\DuiLib\Core\UIManager.h(45,2): warning C4091: “typedef ”: 没有声明变量时忽略“DuiLib::EVENTTYPE_UI”的左侧
  main_frame.cpp
E:\duilib\DuiLib\Core\UIManager.h(45,2): warning C4091: “typedef ”: 没有声明变量时忽略“DuiLib::EVENTTYPE_UI”的左侧
  main.cpp
E:\duilib\DuiLib\Core\UIManager.h(45,2): warning C4091: “typedef ”: 没有声明变量时忽略“DuiLib::EVENTTYPE_UI”的左侧
  debug.cpp
E:\duilib\DuiLib\Core\UIManager.h(45,2): warning C4091: “typedef ”: 没有声明变量时忽略“DuiLib::EVENTTYPE_UI”的左侧
E:\duilib\QQDemo\debug.cpp(97,2): warning C4996: 'GetVersionExA': 被声明为已否决
  color_skin.cpp
E:\duilib\DuiLib\Core\UIManager.h(45,2): warning C4091: “typedef ”: 没有声明变量时忽略“DuiLib::EVENTTYPE_UI”的左侧
  ColorPicker.cpp
E:\duilib\DuiLib\Core\UIManager.h(45,2): warning C4091: “typedef ”: 没有声明变量时忽略“DuiLib::EVENTTYPE_UI”的左侧
  chat_dialog.cpp
E:\duilib\DuiLib\Core\UIManager.h(45,2): warning C4091: “typedef ”: 没有声明变量时忽略“DuiLib::EVENTTYPE_UI”的左侧
E:\duilib\QQDemo\chat_dialog.cpp(88,37): warning C4477: “sprintf_s”: 格式字符串“%s”需要类型“char *”的参数，但可变参数 1 拥有了类型“DuiLib::CDuiString”
E:\duilib\QQDemo\chat_dialog.cpp(191,36): warning C4477: “sprintf_s”: 格式字符串“%s”需要类型“char *”的参数，但可变参数 1 拥有了类型“DuiLib::CDuiString”
E:\duilib\QQDemo\chat_dialog.cpp(203,36): warning C4477: “sprintf_s”: 格式字符串“%s”需要类型“char *”的参数，但可变参数 1 拥有了类型“DuiLib::CDuiString”
  XUnzip.cpp
  正在生成代码...
C:\Program Files (x86)\Microsoft Visual Studio\2019\Enterprise\MSBuild\Microsoft\VC\v160\Microsoft.CppBuild.targets(1288,5): warning MSB8012: TargetPath(E:\duilib\\bin\QQDemo.exe) 与 Linker 的 OutputFile 属性值(E:\duilib\bin\QQDemo_d.exe)不匹配。这可能导致项目生成不正确。若要更正此问题，请确保 $(OutDir)、$(TargetName) 和 $(TargetExt) 属性值与 %(Link.OutputFile) 中指定的值匹配。
C:\Program Files (x86)\Microsoft Visual Studio\2019\Enterprise\MSBuild\Microsoft\VC\v160\Microsoft.CppBuild.targets(1290,5): warning MSB8012: TargetName(QQDemo) 与 Linker 的 OutputFile 属性值(QQDemo_d)不匹配。这可能导致项目生成不正确。若要更正此问题，请确保 $(OutDir)、$(TargetName) 和 $(TargetExt) 属性值与 %(Link.OutputFile) 中指定的值匹配。
  QQDemo.vcxproj -> E:\duilib\\bin\QQDemo.exe
