C:\Program Files (x86)\MSBuild\Microsoft.Cpp\v4.0\V140\Microsoft.CppBuild.targets(392,5): warning MSB8028: The intermediate directory (.\Build\Release_u\) contains files shared from another project (DuiLib_Static.vcxproj).  This can lead to incorrect clean and rebuild behavior.
  StdAfx.cpp
e:\duilib\duilib\Core/UIManager.h(45): warning C4091: “typedef ”: 没有声明变量时忽略“DuiLib::EVENTTYPE_UI”的左侧
  UITreeView.cpp
  UIlib.cpp
  WinImplBase.cpp
  UIDelegate.cpp
  Utils.cpp
  WndShadow.cpp
  UIBase.cpp
  UIContainer.cpp
  UIControl.cpp
Core\UIControl.cpp(832): warning C4302: “类型转换”: 从“LPWSTR”到“WORD”截断
  UIDlgBuilder.cpp
  UIManager.cpp
Core\UIManager.cpp(1045): warning C4838: 从“DWORD”转换到“LONG”需要收缩转换
  UIMarkup.cpp
  UIRender.cpp
Core\UIRender.cpp(1188): warning C4838: 从“int”转换到“COLOR16”需要收缩转换
  UIChildLayout.cpp
  UIHorizontalLayout.cpp
Layout\UIHorizontalLayout.cpp(313): warning C4302: “类型转换”: 从“LPWSTR”到“WORD”截断
  UITabLayout.cpp
  UITileLayout.cpp
  UIVerticalLayout.cpp
Layout\UIVerticalLayout.cpp(306): warning C4302: “类型转换”: 从“LPWSTR”到“WORD”截断
  UIActiveX.cpp
  UIButton.cpp
Control\UIButton.cpp(127): warning C4302: “类型转换”: 从“LPWSTR”到“WORD”截断
  正在生成代码...
  正在编译...
  UICheckBox.cpp
  UICombo.cpp
  UIDateTime.cpp
Control\UIDateTime.cpp(297): warning C4302: “类型转换”: 从“LPWSTR”到“WORD”截断
  UIEdit.cpp
Control\UIEdit.cpp(288): warning C4302: “类型转换”: 从“LPWSTR”到“WORD”截断
  UIGifAnim.cpp
  UILabel.cpp
  UIList.cpp
Control\UIList.cpp(1780): warning C4302: “类型转换”: 从“LPWSTR”到“WORD”截断
Control\UIList.cpp(2416): warning C4302: “类型转换”: 从“LPWSTR”到“WORD”截断
  UIOption.cpp
  UIProgress.cpp
  UIRichEdit.cpp
  UIScrollBar.cpp
  UISlider.cpp
Control\UISlider.cpp(212): warning C4302: “类型转换”: 从“LPWSTR”到“WORD”截断
  UIText.cpp
Control\UIText.cpp(52): warning C4302: “类型转换”: 从“LPWSTR”到“WORD”截断
  UIWebBrowser.cpp
  正在生成代码...
  stb_image.c
  XUnzip.cpp
C:\Program Files (x86)\MSBuild\Microsoft.Cpp\v4.0\V140\Microsoft.CppBuild.targets(1189,5): warning MSB8012: TargetPath(E:\duilib\DuiLib\.\Build\Release_u\DuiLib.dll) does not match the Linker's OutputFile property value (E:\duilib\dll\DuiLib_u.dll). This may cause your project to build incorrectly. To correct this, please make sure that $(OutDir), $(TargetName) and $(TargetExt) property values match the value specified in %(Link.OutputFile).
C:\Program Files (x86)\MSBuild\Microsoft.Cpp\v4.0\V140\Microsoft.CppBuild.targets(1191,5): warning MSB8012: TargetName(DuiLib) does not match the Linker's OutputFile property value (DuiLib_u). This may cause your project to build incorrectly. To correct this, please make sure that $(OutDir), $(TargetName) and $(TargetExt) property values match the value specified in %(Link.OutputFile).
C:\Program Files (x86)\MSBuild\Microsoft.Cpp\v4.0\V140\Microsoft.CppBuild.targets(1193,5): warning MSB8030: The linker switch "Minimum Required Version" requires "SubSystem" to be set.  Without "SubSystem", the "Minimum Required Version" would not be passed to linker and could prevent to the output binary from running on older Operating Systems.
    正在创建库 ../libs/DuiLib_u.lib 和对象 ../libs/DuiLib_u.exp
  DuiLib.vcxproj -> E:\duilib\DuiLib\.\Build\Release_u\DuiLib.dll
  DuiLib.vcxproj -> .\Build\Release_u\DuiLib.pdb (Full PDB)
